生成启动时间为 2015/8/18 星期二 12:49:38。
     1>项目“F:\2015大创项目\ComRead\ComRead\ComRead\ComRead.vcxproj”在节点 2 上(Build 个目标)。
     1>ClCompile:
         F:\Visual Studio Professional 2013\VC\bin\CL.exe /c /ZI /nologo /W3 /WX- /sdl /Od /Oy- /D _MBCS /Gm /EHsc /RTC1 /MDd /GS /fp:precise /Zc:wchar_t /Zc:forScope /Fo"Debug\\" /Fd"Debug\vc120.pdb" /Gd /TP /wd4996 /analyze- /errorReport:prompt main.cpp
         main.cpp
     1>f:\2015大创项目\comread\comread\comread\main.cpp(33): warning C4305: “初始化”: 从“double”到“float”截断
     1>f:\2015大创项目\comread\comread\comread\main.cpp(34): warning C4305: “初始化”: 从“double”到“float”截断
     1>f:\2015大创项目\comread\comread\comread\main.cpp(36): warning C4305: “初始化”: 从“double”到“float”截断
     1>f:\2015大创项目\comread\comread\comread\main.cpp(118): warning C4244: “=”: 从“double”转换到“float”，可能丢失数据
     1>f:\2015大创项目\comread\comread\comread\main.cpp(119): warning C4244: “=”: 从“double”转换到“float”，可能丢失数据
     1>f:\2015大创项目\comread\comread\comread\main.cpp(120): warning C4244: “=”: 从“double”转换到“float”，可能丢失数据
     1>f:\2015大创项目\comread\comread\comread\main.cpp(121): warning C4244: “=”: 从“double”转换到“float”，可能丢失数据
     1>f:\2015大创项目\comread\comread\comread\main.cpp(122): warning C4244: “=”: 从“double”转换到“float”，可能丢失数据
     1>f:\2015大创项目\comread\comread\comread\main.cpp(123): warning C4244: “=”: 从“double”转换到“float”，可能丢失数据
     1>f:\2015大创项目\comread\comread\comread\main.cpp(129): warning C4244: “参数”: 从“double”转换到“float”，可能丢失数据
     1>f:\2015大创项目\comread\comread\comread\main.cpp(148): warning C4244: “=”: 从“double”转换到“float”，可能丢失数据
     1>f:\2015大创项目\comread\comread\comread\main.cpp(149): warning C4244: “=”: 从“double”转换到“float”，可能丢失数据
     1>f:\2015大创项目\comread\comread\comread\main.cpp(150): warning C4244: “=”: 从“double”转换到“float”，可能丢失数据
     1>f:\2015大创项目\comread\comread\comread\main.cpp(151): warning C4244: “=”: 从“double”转换到“float”，可能丢失数据
     1>f:\2015大创项目\comread\comread\comread\main.cpp(152): warning C4244: “=”: 从“double”转换到“float”，可能丢失数据
     1>f:\2015大创项目\comread\comread\comread\main.cpp(153): warning C4244: “=”: 从“double”转换到“float”，可能丢失数据
     1>f:\2015大创项目\comread\comread\comread\main.cpp(159): warning C4244: “参数”: 从“double”转换到“float”，可能丢失数据
     1>f:\2015大创项目\comread\comread\comread\main.cpp(232): warning C4244: “=”: 从“double”转换到“float”，可能丢失数据
       Link:
         F:\Visual Studio Professional 2013\VC\bin\link.exe /ERRORREPORT:PROMPT /OUT:"F:\2015大创项目\ComRead\ComRead\Debug\ComRead.exe" /INCREMENTAL /NOLOGO opencv_ml2410d.lib opencv_calib3d2410d.lib opencv_contrib2410d.lib opencv_core2410d.lib opencv_features2d2410d.lib opencv_flann2410d.lib opencv_gpu2410d.lib opencv_highgui2410d.lib opencv_imgproc2410d.lib opencv_legacy2410d.lib opencv_objdetect2410d.lib opencv_ts2410d.lib opencv_video2410d.lib opencv_nonfree2410d.lib opencv_ocl2410d.lib opencv_photo2410d.lib opencv_stitching2410d.lib opencv_superres2410d.lib opencv_videostab2410d.lib kernel32.lib user32.lib gdi32.lib winspool.lib comdlg32.lib advapi32.lib shell32.lib ole32.lib oleaut32.lib uuid.lib odbc32.lib odbccp32.lib /MANIFEST /MANIFESTUAC:"level='asInvoker' uiAccess='false'" /manifest:embed /DEBUG /PDB:"F:\2015大创项目\ComRead\ComRead\Debug\ComRead.pdb" /TLBID:1 /DYNAMICBASE /NXCOMPAT /IMPLIB:"F:\2015大创项目\ComRead\ComRead\Debug\ComRead.lib" /MACHINE:X86 Debug\Com.obj
         Debug\GraphUtils.obj
         Debug\main.obj
         Debug\overLappedCom.obj
         ComRead.vcxproj -> F:\2015大创项目\ComRead\ComRead\Debug\ComRead.exe
     1>已完成生成项目“F:\2015大创项目\ComRead\ComRead\ComRead\ComRead.vcxproj”(Build 个目标)的操作。

生成成功。

已用时间 00:00:03.68
